<?xml version="1.0" encoding="UTF-8"?>
<!-- Generated by org.testng.reporters.JUnitXMLReporter -->
<testsuite ignored="22" hostname="IQTLAPTOP-ThejaswiniBhuma" failures="0" tests="0" name="Module" time="183.068" errors="0" timestamp="2023-11-08T11:12:13 IST">
  <testcase classname="com.quantela.codenet.qa.qpf_wallet_mob_ui_test.TransferFundTest" name="validatePayeeNamePlaceholderText" time="0.0">
    <ignored/>
  </testcase> <!-- validatePayeeNamePlaceholderText -->
  <testcase classname="com.quantela.codenet.qa.qpf_wallet_mob_ui_test.TransferFundTest" name="validateResendOTPText" time="0.0">
    <ignored/>
  </testcase> <!-- validateResendOTPText -->
  <testcase classname="com.quantela.codenet.qa.qpf_wallet_mob_ui_test.TransferFundTest" name="validateOTPPlaceholderText" time="0.0">
    <ignored/>
  </testcase> <!-- validateOTPPlaceholderText -->
  <testcase classname="com.quantela.codenet.qa.qpf_wallet_mob_ui_test.TransferFundTest" name="validateProceedText" time="0.0">
    <ignored/>
  </testcase> <!-- validateProceedText -->
  <testcase classname="com.quantela.codenet.qa.qpf_wallet_mob_ui_test.TransferFundTest" name="validateAlertBoxText" time="0.0">
    <ignored/>
  </testcase> <!-- validateAlertBoxText -->
  <testcase classname="com.quantela.codenet.qa.qpf_wallet_mob_ui_test.TransferFundTest" name="validateAmountText" time="0.0">
    <ignored/>
  </testcase> <!-- validateAmountText -->
  <testcase classname="com.quantela.codenet.qa.qpf_wallet_mob_ui_test.TransferFundTest" name="validateDidNotGetOTPText" time="0.0">
    <ignored/>
  </testcase> <!-- validateDidNotGetOTPText -->
  <testcase classname="com.quantela.codenet.qa.qpf_wallet_mob_ui_test.TransferFundTest" name="clearFund" time="0.0">
    <ignored/>
  </testcase> <!-- clearFund -->
  <testcase classname="com.quantela.codenet.qa.qpf_wallet_mob_ui_test.TransferFundTest" name="validateTreasuryFeeText" time="0.0">
    <ignored/>
  </testcase> <!-- validateTreasuryFeeText -->
  <testcase classname="com.quantela.codenet.qa.qpf_wallet_mob_ui_test.TransferFundTest" name="validatePayeeToPlaceholderText" time="0.0">
    <ignored/>
  </testcase> <!-- validatePayeeToPlaceholderText -->
  <testcase classname="com.quantela.codenet.qa.qpf_wallet_mob_ui_test.TransferFundTest" name="validateServiceFeeText" time="0.0">
    <ignored/>
  </testcase> <!-- validateServiceFeeText -->
  <testcase classname="com.quantela.codenet.qa.qpf_wallet_mob_ui_test.TransferFundTest" name="validateAmountInWordsText" time="0.0">
    <ignored/>
  </testcase> <!-- validateAmountInWordsText -->
  <testcase classname="com.quantela.codenet.qa.qpf_wallet_mob_ui_test.TransferFundTest" name="validateTransferFundText" time="0.0">
    <ignored/>
  </testcase> <!-- validateTransferFundText -->
  <testcase classname="com.quantela.codenet.qa.qpf_wallet_mob_ui_test.TransferFundTest" name="validateCloseTooltipText" time="0.0">
    <ignored/>
  </testcase> <!-- validateCloseTooltipText -->
  <testcase classname="com.quantela.codenet.qa.qpf_wallet_mob_ui_test.TransferFundTest" name="validatePayeenameText" time="0.0">
    <ignored/>
  </testcase> <!-- validatePayeenameText -->
  <testcase classname="com.quantela.codenet.qa.qpf_wallet_mob_ui_test.TransferFundTest" name="validateFundTypeText" time="0.0">
    <ignored/>
  </testcase> <!-- validateFundTypeText -->
  <testcase classname="com.quantela.codenet.qa.qpf_wallet_mob_ui_test.TransferFundTest" name="validateRemarksText" time="0.0">
    <ignored/>
  </testcase> <!-- validateRemarksText -->
  <testcase classname="com.quantela.codenet.qa.qpf_wallet_mob_ui_test.TransferFundTest" name="validateOTPText" time="0.0">
    <ignored/>
  </testcase> <!-- validateOTPText -->
  <testcase classname="com.quantela.codenet.qa.qpf_wallet_mob_ui_test.TransferFundTest" name="validatePayeeToText" time="0.0">
    <ignored/>
  </testcase> <!-- validatePayeeToText -->
  <testcase classname="com.quantela.codenet.qa.qpf_wallet_mob_ui_test.TransferFundTest" name="validateAlertHeadingText" time="0.0">
    <ignored/>
  </testcase> <!-- validateAlertHeadingText -->
  <testcase classname="com.quantela.codenet.qa.qpf_wallet_mob_ui_test.TransferFundTest" name="validateClearText" time="0.0">
    <ignored/>
  </testcase> <!-- validateClearText -->
  <testcase classname="com.quantela.codenet.qa.qpf_wallet_mob_ui_test.TransferFundTest" name="validateGetOTPText" time="0.0">
    <ignored/>
  </testcase> <!-- validateGetOTPText -->
</testsuite> <!-- Module -->
