<?xml version="1.0" encoding="UTF-8"?>
<!-- Generated by org.testng.reporters.JUnitXMLReporter -->
<testsuite ignored="31" hostname="IQTLAPTOP-ThejaswiniBhuma" failures="1" tests="1" name="Default test" time="47.47" errors="0" timestamp="2023-11-08T13:17:36 IST">
  <testcase classname="com.quantela.codenet.qa.qpf_wallet_mob_ui_test.TransferFundTest" name="validateFundTypeText" time="7.218">
    <failure type="java.lang.AssertionError" message="expected [Fund type] but found []">
      <![CDATA[java.lang.AssertionError: expected [Fund type] but found []
at org.testng.Assert.fail(Assert.java:111)
at org.testng.Assert.failNotEquals(Assert.java:1578)
at org.testng.Assert.assertEqualsImpl(Assert.java:150)
at org.testng.Assert.assertEquals(Assert.java:132)
at org.testng.Assert.assertEquals(Assert.java:656)
at org.testng.Assert.assertEquals(Assert.java:666)
at com.quantela.codenet.qa.qpf_wallet_mob_ui_test.TransferFundTest.validateFundTypeText(TransferFundTest.java:118)
at java.base/jdk.internal.reflect.NativeMethodAccessorImpl.invoke0(Native Method)
at java.base/jdk.internal.reflect.NativeMethodAccessorImpl.invoke(NativeMethodAccessorImpl.java:77)
at java.base/jdk.internal.reflect.DelegatingMethodAccessorImpl.invoke(DelegatingMethodAccessorImpl.java:43)
at java.base/java.lang.reflect.Method.invoke(Method.java:568)
at org.testng.internal.invokers.MethodInvocationHelper.invokeMethod(MethodInvocationHelper.java:139)
at org.testng.internal.invokers.TestInvoker.invokeMethod(TestInvoker.java:664)
at org.testng.internal.invokers.TestInvoker.invokeTestMethod(TestInvoker.java:227)
at org.testng.internal.invokers.MethodRunner.runInSequence(MethodRunner.java:50)
at org.testng.internal.invokers.TestInvoker$MethodInvocationAgent.invoke(TestInvoker.java:957)
at org.testng.internal.invokers.TestInvoker.invokeTestMethods(TestInvoker.java:200)
at org.testng.internal.invokers.TestMethodWorker.invokeTestMethods(TestMethodWorker.java:148)
at org.testng.internal.invokers.TestMethodWorker.run(TestMethodWorker.java:128)
at java.base/java.util.ArrayList.forEach(ArrayList.java:1511)
at org.testng.TestRunner.privateRun(TestRunner.java:848)
at org.testng.TestRunner.run(TestRunner.java:621)
at org.testng.SuiteRunner.runTest(SuiteRunner.java:443)
at org.testng.SuiteRunner.runSequentially(SuiteRunner.java:437)
at org.testng.SuiteRunner.privateRun(SuiteRunner.java:397)
at org.testng.SuiteRunner.run(SuiteRunner.java:336)
at org.testng.SuiteRunnerWorker.runSuite(SuiteRunnerWorker.java:52)
at org.testng.SuiteRunnerWorker.run(SuiteRunnerWorker.java:95)
at org.testng.TestNG.runSuitesSequentially(TestNG.java:1280)
at org.testng.TestNG.runSuitesLocally(TestNG.java:1200)
at org.testng.TestNG.runSuites(TestNG.java:1114)
at org.testng.TestNG.run(TestNG.java:1082)
at org.testng.remote.AbstractRemoteTestNG.run(AbstractRemoteTestNG.java:115)
at org.testng.remote.RemoteTestNG.initAndRun(RemoteTestNG.java:251)
at org.testng.remote.RemoteTestNG.main(RemoteTestNG.java:77)
]]>
    </failure>
  </testcase> <!-- validateFundTypeText -->
  <testcase classname="com.quantela.codenet.qa.qpf_wallet_mob_ui_test.TransferFundTest" name="mandatoryAmount" time="0.0">
    <ignored/>
  </testcase> <!-- mandatoryAmount -->
  <testcase classname="com.quantela.codenet.qa.qpf_wallet_mob_ui_test.TransferFundTest" name="validateAmountInWordsText" time="0.0">
    <ignored/>
  </testcase> <!-- validateAmountInWordsText -->
  <testcase classname="com.quantela.codenet.qa.qpf_wallet_mob_ui_test.TransferFundTest" name="validatePayeenameText" time="0.0">
    <ignored/>
  </testcase> <!-- validatePayeenameText -->
  <testcase classname="com.quantela.codenet.qa.qpf_wallet_mob_ui_test.TransferFundTest" name="validateRemarksText" time="0.0">
    <ignored/>
  </testcase> <!-- validateRemarksText -->
  <testcase classname="com.quantela.codenet.qa.qpf_wallet_mob_ui_test.TransferFundTest" name="validateOTPText" time="0.0">
    <ignored/>
  </testcase> <!-- validateOTPText -->
  <testcase classname="com.quantela.codenet.qa.qpf_wallet_mob_ui_test.TransferFundTest" name="validatePayeeToPlaceholderText" time="0.0">
    <ignored/>
  </testcase> <!-- validatePayeeToPlaceholderText -->
  <testcase classname="com.quantela.codenet.qa.qpf_wallet_mob_ui_test.TransferFundTest" name="clearFund" time="0.0">
    <ignored/>
  </testcase> <!-- clearFund -->
  <testcase classname="com.quantela.codenet.qa.qpf_wallet_mob_ui_test.TransferFundTest" name="validateAlertHeadingText" time="0.0">
    <ignored/>
  </testcase> <!-- validateAlertHeadingText -->
  <testcase classname="com.quantela.codenet.qa.qpf_wallet_mob_ui_test.TransferFundTest" name="mandatoryOTP" time="0.0">
    <ignored/>
  </testcase> <!-- mandatoryOTP -->
  <testcase classname="com.quantela.codenet.qa.qpf_wallet_mob_ui_test.TransferFundTest" name="validatePayeeNamePlaceholderText" time="0.0">
    <ignored/>
  </testcase> <!-- validatePayeeNamePlaceholderText -->
  <testcase classname="com.quantela.codenet.qa.qpf_wallet_mob_ui_test.TransferFundTest" name="validateAlphaSymAmount" time="0.0">
    <ignored/>
  </testcase> <!-- validateAlphaSymAmount -->
  <testcase classname="com.quantela.codenet.qa.qpf_wallet_mob_ui_test.TransferFundTest" name="autoDisplayPayeeName" time="0.0">
    <ignored/>
  </testcase> <!-- autoDisplayPayeeName -->
  <testcase classname="com.quantela.codenet.qa.qpf_wallet_mob_ui_test.TransferFundTest" name="validateServiceFeeText" time="0.0">
    <ignored/>
  </testcase> <!-- validateServiceFeeText -->
  <testcase classname="com.quantela.codenet.qa.qpf_wallet_mob_ui_test.TransferFundTest" name="validateClearText" time="0.0">
    <ignored/>
  </testcase> <!-- validateClearText -->
  <testcase classname="com.quantela.codenet.qa.qpf_wallet_mob_ui_test.TransferFundTest" name="validateTransferFundText" time="0.0">
    <ignored/>
  </testcase> <!-- validateTransferFundText -->
  <testcase classname="com.quantela.codenet.qa.qpf_wallet_mob_ui_test.TransferFundTest" name="validateZeroAmount" time="0.0">
    <ignored/>
  </testcase> <!-- validateZeroAmount -->
  <testcase classname="com.quantela.codenet.qa.qpf_wallet_mob_ui_test.TransferFundTest" name="mandatoryPayeeTO" time="0.0">
    <ignored/>
  </testcase> <!-- mandatoryPayeeTO -->
  <testcase classname="com.quantela.codenet.qa.qpf_wallet_mob_ui_test.TransferFundTest" name="validateAmountText" time="0.0">
    <ignored/>
  </testcase> <!-- validateAmountText -->
  <testcase classname="com.quantela.codenet.qa.qpf_wallet_mob_ui_test.TransferFundTest" name="validateDidNotGetOTPText" time="0.0">
    <ignored/>
  </testcase> <!-- validateDidNotGetOTPText -->
  <testcase classname="com.quantela.codenet.qa.qpf_wallet_mob_ui_test.TransferFundTest" name="validateTreasuryFeeText" time="0.0">
    <ignored/>
  </testcase> <!-- validateTreasuryFeeText -->
  <testcase classname="com.quantela.codenet.qa.qpf_wallet_mob_ui_test.TransferFundTest" name="validateTwoDecimalAmount" time="0.0">
    <ignored/>
  </testcase> <!-- validateTwoDecimalAmount -->
  <testcase classname="com.quantela.codenet.qa.qpf_wallet_mob_ui_test.TransferFundTest" name="validateResendOTPText" time="0.0">
    <ignored/>
  </testcase> <!-- validateResendOTPText -->
  <testcase classname="com.quantela.codenet.qa.qpf_wallet_mob_ui_test.TransferFundTest" name="validateOTPPlaceholderText" time="0.0">
    <ignored/>
  </testcase> <!-- validateOTPPlaceholderText -->
  <testcase classname="com.quantela.codenet.qa.qpf_wallet_mob_ui_test.TransferFundTest" name="validateAlertBoxText" time="0.0">
    <ignored/>
  </testcase> <!-- validateAlertBoxText -->
  <testcase classname="com.quantela.codenet.qa.qpf_wallet_mob_ui_test.TransferFundTest" name="transferFund" time="0.0">
    <ignored/>
  </testcase> <!-- transferFund -->
  <testcase classname="com.quantela.codenet.qa.qpf_wallet_mob_ui_test.TransferFundTest" name="validateProceedText" time="0.0">
    <ignored/>
  </testcase> <!-- validateProceedText -->
  <testcase classname="com.quantela.codenet.qa.qpf_wallet_mob_ui_test.TransferFundTest" name="validatePayeeToText" time="0.0">
    <ignored/>
  </testcase> <!-- validatePayeeToText -->
  <testcase classname="com.quantela.codenet.qa.qpf_wallet_mob_ui_test.TransferFundTest" name="validateNegativeAmount" time="0.0">
    <ignored/>
  </testcase> <!-- validateNegativeAmount -->
  <testcase classname="com.quantela.codenet.qa.qpf_wallet_mob_ui_test.TransferFundTest" name="validateThreeDecimalAmount" time="0.0">
    <ignored/>
  </testcase> <!-- validateThreeDecimalAmount -->
  <testcase classname="com.quantela.codenet.qa.qpf_wallet_mob_ui_test.TransferFundTest" name="validateCloseTooltipText" time="0.0">
    <ignored/>
  </testcase> <!-- validateCloseTooltipText -->
  <testcase classname="com.quantela.codenet.qa.qpf_wallet_mob_ui_test.TransferFundTest" name="validateGetOTPText" time="0.0">
    <ignored/>
  </testcase> <!-- validateGetOTPText -->
</testsuite> <!-- Default test -->
