<?xml version="1.0" encoding="UTF-8"?>
<!-- Generated by org.testng.reporters.JUnitXMLReporter -->
<testsuite ignored="22" hostname="IQTLAPTOP-ThejaswiniBhuma" failures="0" tests="5" name="Module" time="0.158" errors="0" timestamp="2023-11-05T14:54:56 IST">
  <testcase classname="com.quantela.codenet.qa.qpf_wallet_mob_ui_test.TransferFundTest" name="@BeforeTest citizenUserSignin" time="0.031">
    <failure type="java.lang.NullPointerException" message="Cannot invoke &amp;quot;com.quantela.codenet.qa.qpf_wallet_mob_ui_test.pages.UserSigninPage.citizenUserSignin(String, String, String)&amp;quot; because &amp;quot;this.userSigninPage&amp;quot; is null">
      <![CDATA[java.lang.NullPointerException: Cannot invoke "com.quantela.codenet.qa.qpf_wallet_mob_ui_test.pages.UserSigninPage.citizenUserSignin(String, String, String)" because "this.userSigninPage" is null
at com.quantela.codenet.qa.qpf_wallet_mob_ui_test.TransferFundTest.citizenUserSignin(TransferFundTest.java:17)
... Removed 24 stack frames]]>
    </failure>
  </testcase> <!-- @BeforeTest citizenUserSignin -->
  <testcase classname="com.quantela.codenet.qa.qpf_wallet_mob_ui_test.core.BaseTest" name="@BeforeMethod AndroidDriverConfig" time="0.0">
    <skipped/>
  </testcase> <!-- @BeforeMethod AndroidDriverConfig -->
  <testcase classname="com.quantela.codenet.qa.qpf_wallet_mob_ui_test.core.BaseTest" name="@BeforeMethod AndroidDriverConfig" time="0.0">
    <skipped/>
  </testcase> <!-- @BeforeMethod AndroidDriverConfig -->
  <testcase classname="com.quantela.codenet.qa.qpf_wallet_mob_ui_test.core.BaseTest" name="@BeforeMethod AndroidDriverConfig" time="0.0">
    <skipped/>
  </testcase> <!-- @BeforeMethod AndroidDriverConfig -->
  <testcase classname="com.quantela.codenet.qa.qpf_wallet_mob_ui_test.core.BaseTest" name="@BeforeMethod AndroidDriverConfig" time="0.0">
    <skipped/>
  </testcase> <!-- @BeforeMethod AndroidDriverConfig -->
  <testcase classname="com.quantela.codenet.qa.qpf_wallet_mob_ui_test.core.BaseTest" name="@BeforeMethod AndroidDriverConfig" time="0.0">
    <skipped/>
  </testcase> <!-- @BeforeMethod AndroidDriverConfig -->
  <testcase classname="com.quantela.codenet.qa.qpf_wallet_mob_ui_test.TransferFundTest" name="transferFund" time="0.0">
    <skipped/>
  </testcase> <!-- transferFund -->
  <testcase classname="com.quantela.codenet.qa.qpf_wallet_mob_ui_test.TransferFundTest" name="mandatoryPayeeTO" time="0.0">
    <skipped/>
  </testcase> <!-- mandatoryPayeeTO -->
  <testcase classname="com.quantela.codenet.qa.qpf_wallet_mob_ui_test.TransferFundTest" name="mandatoryAmount" time="0.0">
    <skipped/>
  </testcase> <!-- mandatoryAmount -->
  <testcase classname="com.quantela.codenet.qa.qpf_wallet_mob_ui_test.TransferFundTest" name="mandatoryOTP" time="0.0">
    <skipped/>
  </testcase> <!-- mandatoryOTP -->
  <testcase classname="com.quantela.codenet.qa.qpf_wallet_mob_ui_test.TransferFundTest" name="autoDisplayPayeeName" time="0.0">
    <skipped/>
  </testcase> <!-- autoDisplayPayeeName -->
  <testcase classname="com.quantela.codenet.qa.qpf_wallet_mob_ui_test.TransferFundTest" name="validateCloseTooltipText" time="0.0">
    <ignored/>
  </testcase> <!-- validateCloseTooltipText -->
  <testcase classname="com.quantela.codenet.qa.qpf_wallet_mob_ui_test.TransferFundTest" name="clearFund" time="0.0">
    <ignored/>
  </testcase> <!-- clearFund -->
  <testcase classname="com.quantela.codenet.qa.qpf_wallet_mob_ui_test.TransferFundTest" name="validateAmountInWordsText" time="0.0">
    <ignored/>
  </testcase> <!-- validateAmountInWordsText -->
  <testcase classname="com.quantela.codenet.qa.qpf_wallet_mob_ui_test.TransferFundTest" name="validateServiceFeeText" time="0.0">
    <ignored/>
  </testcase> <!-- validateServiceFeeText -->
  <testcase classname="com.quantela.codenet.qa.qpf_wallet_mob_ui_test.TransferFundTest" name="validatePayeeToPlaceholderText" time="0.0">
    <ignored/>
  </testcase> <!-- validatePayeeToPlaceholderText -->
  <testcase classname="com.quantela.codenet.qa.qpf_wallet_mob_ui_test.TransferFundTest" name="validatePayeeToText" time="0.0">
    <ignored/>
  </testcase> <!-- validatePayeeToText -->
  <testcase classname="com.quantela.codenet.qa.qpf_wallet_mob_ui_test.TransferFundTest" name="validateGetOTPText" time="0.0">
    <ignored/>
  </testcase> <!-- validateGetOTPText -->
  <testcase classname="com.quantela.codenet.qa.qpf_wallet_mob_ui_test.TransferFundTest" name="validateAlertHeadingText" time="0.0">
    <ignored/>
  </testcase> <!-- validateAlertHeadingText -->
  <testcase classname="com.quantela.codenet.qa.qpf_wallet_mob_ui_test.TransferFundTest" name="validateRemarksText" time="0.0">
    <ignored/>
  </testcase> <!-- validateRemarksText -->
  <testcase classname="com.quantela.codenet.qa.qpf_wallet_mob_ui_test.TransferFundTest" name="validateAlertBoxText" time="0.0">
    <ignored/>
  </testcase> <!-- validateAlertBoxText -->
  <testcase classname="com.quantela.codenet.qa.qpf_wallet_mob_ui_test.TransferFundTest" name="validateClearText" time="0.0">
    <ignored/>
  </testcase> <!-- validateClearText -->
  <testcase classname="com.quantela.codenet.qa.qpf_wallet_mob_ui_test.TransferFundTest" name="validatePayeenameText" time="0.0">
    <ignored/>
  </testcase> <!-- validatePayeenameText -->
  <testcase classname="com.quantela.codenet.qa.qpf_wallet_mob_ui_test.TransferFundTest" name="validateProceedText" time="0.0">
    <ignored/>
  </testcase> <!-- validateProceedText -->
  <testcase classname="com.quantela.codenet.qa.qpf_wallet_mob_ui_test.TransferFundTest" name="validatePayeeNamePlaceholderText" time="0.0">
    <ignored/>
  </testcase> <!-- validatePayeeNamePlaceholderText -->
  <testcase classname="com.quantela.codenet.qa.qpf_wallet_mob_ui_test.TransferFundTest" name="validateOTPPlaceholderText" time="0.0">
    <ignored/>
  </testcase> <!-- validateOTPPlaceholderText -->
  <testcase classname="com.quantela.codenet.qa.qpf_wallet_mob_ui_test.TransferFundTest" name="validateResendOTPText" time="0.0">
    <ignored/>
  </testcase> <!-- validateResendOTPText -->
  <testcase classname="com.quantela.codenet.qa.qpf_wallet_mob_ui_test.TransferFundTest" name="validateTreasuryFeeText" time="0.0">
    <ignored/>
  </testcase> <!-- validateTreasuryFeeText -->
  <testcase classname="com.quantela.codenet.qa.qpf_wallet_mob_ui_test.TransferFundTest" name="validateAmountText" time="0.0">
    <ignored/>
  </testcase> <!-- validateAmountText -->
  <testcase classname="com.quantela.codenet.qa.qpf_wallet_mob_ui_test.TransferFundTest" name="validateDidNotGetOTPText" time="0.0">
    <ignored/>
  </testcase> <!-- validateDidNotGetOTPText -->
  <testcase classname="com.quantela.codenet.qa.qpf_wallet_mob_ui_test.TransferFundTest" name="validateOTPText" time="0.0">
    <ignored/>
  </testcase> <!-- validateOTPText -->
  <testcase classname="com.quantela.codenet.qa.qpf_wallet_mob_ui_test.TransferFundTest" name="validateFundTypeText" time="0.0">
    <ignored/>
  </testcase> <!-- validateFundTypeText -->
  <testcase classname="com.quantela.codenet.qa.qpf_wallet_mob_ui_test.TransferFundTest" name="validateTransferFundText" time="0.0">
    <ignored/>
  </testcase> <!-- validateTransferFundText -->
</testsuite> <!-- Module -->
